Traceback (most recent call last):
  File "c:\users\mr5\appdata\local\programs\python\python37\lib\site-packages\jupyter_cache\executors\utils.py", line 56, in single_nb_execution
    record_timing=False,
  File "c:\users\mr5\appdata\local\programs\python\python37\lib\site-packages\nbclient\client.py", line 1082, in execute
    return NotebookClient(nb=nb, resources=resources, km=km, **kwargs).execute()
  File "c:\users\mr5\appdata\local\programs\python\python37\lib\site-packages\nbclient\util.py", line 74, in wrapped
    return just_run(coro(*args, **kwargs))
  File "c:\users\mr5\appdata\local\programs\python\python37\lib\site-packages\nbclient\util.py", line 53, in just_run
    return loop.run_until_complete(coro)
  File "c:\users\mr5\appdata\local\programs\python\python37\lib\asyncio\base_events.py", line 579, in run_until_complete
    return future.result()
  File "c:\users\mr5\appdata\local\programs\python\python37\lib\site-packages\nbclient\client.py", line 536, in async_execute
    cell, index, execution_count=self.code_cells_executed + 1
  File "c:\users\mr5\appdata\local\programs\python\python37\lib\site-packages\nbclient\client.py", line 827, in async_execute_cell
    self._check_raise_for_error(cell, exec_reply)
  File "c:\users\mr5\appdata\local\programs\python\python37\lib\site-packages\nbclient\client.py", line 735, in _check_raise_for_error
    raise CellExecutionError.from_cell_and_msg(cell, exec_reply['content'])
nbclient.exceptions.CellExecutionError: An error occurred while executing the following cell:
------------------
import cudf, cuml
import pandas as pd
import numpy as np
from cuml.manifold import TSNE
# from sklearn.manifold import TSNE
import matplotlib.pyplot as plt
from itertools import combinations_with_replacement
from matplotlib.colors import ListedColormap
%matplotlib inline

import warnings
warnings.filterwarnings('ignore')
------------------

[1;31m---------------------------------------------------------------------------[0m
[1;31mModuleNotFoundError[0m                       Traceback (most recent call last)
[1;32m<ipython-input-2-3f714b319b3a>[0m in [0;36m<module>[1;34m[0m
[1;32m----> 1[1;33m [1;32mimport[0m [0mcudf[0m[1;33m,[0m [0mcuml[0m[1;33m[0m[1;33m[0m[0m
[0m[0;32m      2[0m [1;32mimport[0m [0mpandas[0m [1;32mas[0m [0mpd[0m[1;33m[0m[1;33m[0m[0m
[0;32m      3[0m [1;32mimport[0m [0mnumpy[0m [1;32mas[0m [0mnp[0m[1;33m[0m[1;33m[0m[0m
[0;32m      4[0m [1;32mfrom[0m [0mcuml[0m[1;33m.[0m[0mmanifold[0m [1;32mimport[0m [0mTSNE[0m[1;33m[0m[1;33m[0m[0m
[0;32m      5[0m [1;31m# from sklearn.manifold import TSNE[0m[1;33m[0m[1;33m[0m[1;33m[0m[0m

[1;31mModuleNotFoundError[0m: No module named 'cudf'
ModuleNotFoundError: No module named 'cudf'

